{"/home/yuki_semba/workspace/poc-react/sap-mui-portal/src/app/theme.ts":{"path":"/home/yuki_semba/workspace/poc-react/sap-mui-portal/src/app/theme.ts","statementMap":{"0":{"start":{"line":2,"column":14},"end":{"line":17,"column":2}}},"fnMap":{},"branchMap":{},"s":{"0":1},"f":{},"b":{},"_coverageSchema":"1a1c01bbd47fc00a2c39e90264f33305004495a9","hash":"3d20bc93db8ff46bfb972bc093a14b488d106e60"},"/home/yuki_semba/workspace/poc-react/sap-mui-portal/src/app/layout.tsx":{"path":"/home/yuki_semba/workspace/poc-react/sap-mui-portal/src/app/layout.tsx","statementMap":{"0":{"start":{"line":15,"column":20},"end":{"line":15,"column":23}},"1":{"start":{"line":18,"column":2},"end":{"line":90,"column":4}},"2":{"start":{"line":26,"column":64},"end":{"line":26,"column":87}}},"fnMap":{"0":{"name":"RootLayout","decl":{"start":{"line":17,"column":24},"end":{"line":17,"column":34}},"loc":{"start":{"line":17,"column":80},"end":{"line":91,"column":1}},"line":17},"1":{"name":"(anonymous_1)","decl":{"start":{"line":26,"column":53},"end":{"line":26,"column":54}},"loc":{"start":{"line":26,"column":64},"end":{"line":26,"column":87}},"line":26}},"branchMap":{},"s":{"0":1,"1":2,"2":2},"f":{"0":2,"1":2},"b":{},"_coverageSchema":"1a1c01bbd47fc00a2c39e90264f33305004495a9","hash":"71acae46686355d6e7dd0e7b30a83223193d6f29"},"/home/yuki_semba/workspace/poc-react/sap-mui-portal/src/app/po-list/page.tsx":{"path":"/home/yuki_semba/workspace/poc-react/sap-mui-portal/src/app/po-list/page.tsx","statementMap":{"0":{"start":{"line":14,"column":22},"end":{"line":18,"column":1}},"1":{"start":{"line":21,"column":30},"end":{"line":21,"column":53}},"2":{"start":{"line":24,"column":29},"end":{"line":26,"column":3}},"3":{"start":{"line":25,"column":4},"end":{"line":25,"column":88}},"4":{"start":{"line":25,"column":22},"end":{"line":25,"column":86}},"5":{"start":{"line":25,"column":37},"end":{"line":25,"column":85}},"6":{"start":{"line":29,"column":24},"end":{"line":38,"column":3}},"7":{"start":{"line":30,"column":4},"end":{"line":37,"column":5}},"8":{"start":{"line":32,"column":8},"end":{"line":32,"column":84}},"9":{"start":{"line":34,"column":8},"end":{"line":34,"column":82}},"10":{"start":{"line":36,"column":8},"end":{"line":36,"column":66}},"11":{"start":{"line":40,"column":2},"end":{"line":116,"column":4}},"12":{"start":{"line":74,"column":18},"end":{"line":108,"column":29}},"13":{"start":{"line":88,"column":45},"end":{"line":88,"column":77}},"14":{"start":{"line":97,"column":45},"end":{"line":97,"column":77}}},"fnMap":{"0":{"name":"POList","decl":{"start":{"line":20,"column":24},"end":{"line":20,"column":30}},"loc":{"start":{"line":20,"column":33},"end":{"line":117,"column":1}},"line":20},"1":{"name":"(anonymous_1)","decl":{"start":{"line":24,"column":29},"end":{"line":24,"column":30}},"loc":{"start":{"line":24,"column":64},"end":{"line":26,"column":3}},"line":24},"2":{"name":"(anonymous_2)","decl":{"start":{"line":25,"column":14},"end":{"line":25,"column":15}},"loc":{"start":{"line":25,"column":22},"end":{"line":25,"column":86}},"line":25},"3":{"name":"(anonymous_3)","decl":{"start":{"line":25,"column":31},"end":{"line":25,"column":32}},"loc":{"start":{"line":25,"column":37},"end":{"line":25,"column":85}},"line":25},"4":{"name":"(anonymous_4)","decl":{"start":{"line":29,"column":24},"end":{"line":29,"column":25}},"loc":{"start":{"line":29,"column":44},"end":{"line":38,"column":3}},"line":29},"5":{"name":"(anonymous_5)","decl":{"start":{"line":73,"column":28},"end":{"line":73,"column":29}},"loc":{"start":{"line":74,"column":18},"end":{"line":108,"column":29}},"line":74},"6":{"name":"(anonymous_6)","decl":{"start":{"line":88,"column":39},"end":{"line":88,"column":40}},"loc":{"start":{"line":88,"column":45},"end":{"line":88,"column":77}},"line":88},"7":{"name":"(anonymous_7)","decl":{"start":{"line":97,"column":39},"end":{"line":97,"column":40}},"loc":{"start":{"line":97,"column":45},"end":{"line":97,"column":77}},"line":97}},"branchMap":{"0":{"loc":{"start":{"line":25,"column":37},"end":{"line":25,"column":85}},"type":"cond-expr","locations":[{"start":{"line":25,"column":52},"end":{"line":25,"column":80}},{"start":{"line":25,"column":83},"end":{"line":25,"column":85}}],"line":25},"1":{"loc":{"start":{"line":30,"column":4},"end":{"line":37,"column":5}},"type":"switch","locations":[{"start":{"line":31,"column":6},"end":{"line":32,"column":84}},{"start":{"line":33,"column":6},"end":{"line":34,"column":82}},{"start":{"line":35,"column":6},"end":{"line":36,"column":66}}],"line":30},"2":{"loc":{"start":{"line":83,"column":23},"end":{"line":106,"column":23}},"type":"cond-expr","locations":[{"start":{"line":84,"column":24},"end":{"line":103,"column":32}},{"start":{"line":105,"column":24},"end":{"line":105,"column":90}}],"line":83}},"s":{"0":1,"1":4,"2":4,"3":1,"4":2,"5":6,"6":4,"7":12,"8":4,"9":2,"10":6,"11":4,"12":12,"13":0,"14":1},"f":{"0":4,"1":1,"2":2,"3":6,"4":12,"5":12,"6":0,"7":1},"b":{"0":[2,4],"1":[4,2,6],"2":[6,6]},"_coverageSchema":"1a1c01bbd47fc00a2c39e90264f33305004495a9","hash":"70f0bb2ab86d3b9342d5c4e5646a1628a6fec3ae"}}